Job start at Sun May 26 02:35:24 CEST 2024

results =  [[0.15, 0.35, 10, 0.2, 1.0]] 1422.26 298786 50536

results =  [[0.15, 0.35, 10, 0.2, 0.6]] 1391.98 381578 53269

results =  [[0.15, 0.25, 10, 0.2, 0.6]] 1409.32 334200 51778
searchABCD.py:221: RuntimeWarning: divide by zero encountered in scalar divide
  Fi =  A* np.exp((rij*0 -b) / B) * (l + (1-l)*((1+cosphi)/2)) * (dij + d2)/(2*b) * (xdij/dij + (xdij - velocities[j]*Dt)/d2)/2
searchABCD.py:136: RuntimeWarning: invalid value encountered in divide
  vect = res/(np.linalg.norm(res)+1e-5)
Traceback (most recent call last):
  File "searchABCD.py", line 413, in <module>
    top5, minErr, minPed, minWalls = grid_search(iterations)
  File "searchABCD.py", line 397, in grid_search
    total_overlaps, walls_overlaps, ped_left, dens = main_loop(a, b, c, d, kn, kt, room_width, room_height, door_width, exit_doorx,exit_doory, num_pedestrians, num_iterations, dt, deleted, tau, m, v0, L, positions, wallsy, wallsx, velocities, r, iterations)
  File "searchABCD.py", line 266, in main_loop
    forces = model(A, B, C, D, kn, kt, room_width, room_height, door_width, exit_doorx,
  File "searchABCD.py", line 187, in social_force_vadere
    eikDir = getGrad(positions, deleted, tt)
  File "searchABCD.py", line 81, in getGrad
    x = int((position[0]+8)/resol)
OverflowError: cannot convert float infinity to integer
srun: error: lm3-w006: task 0: Exited with exit code 1

results =  [[0.15, 0.15, 10, 0.2, 1.0]] 1450.84 268462 49027

results =  [[0.95, 0.15, 10, 0.2, 0.8]] 1437.52 243376 48905

results =  [[1.35, 0.15, 10, 0.2, 0.5]] 1445.31 257852 47973

results =  [[0.15, 0.35, 10, 0.2, 0.8]] 1408.01 326818 51489

results =  [[0.15, 0.25, 10, 0.2, 0.3]] 1369.4 494668 57397

results =  [[0.15, 0.25, 10, 0.2, 1.0]] 1440.16 271494 49448

results =  [[0.95, 0.25, 10, 0.2, 0.1]] 1398.28 405798 50877

results =  [[0.95, 0.15, 10, 0.2, 0.4]] 1422.97 291716 49135

results =  [[0.15, 0.35, 10, 0.2, 0.1]] 1311.15 794532 63886

results =  [[0.15, 0.35, 10, 0.2, 0.9]] 1410.83 322948 51187

results =  [[3.75, 0.15, 10, 0.2, 0.2]] 1424.03 309124 48180

results =  [[0.15, 0.25, 10, 0.2, 0.4]] 1384.92 418738 54884

results =  [[3.35, 0.15, 10, 0.2, 0.4]] 1436.39 280064 48176

results =  [[0.15, 0.45, 10, 0.2, 1.0]] 1397.36 329870 51483

results =  [[3.35, 0.15, 10, 0.2, 0.5]] 1424.52 270152 48084
srun: error: write(shepherd): Bad file descriptor

results =  [[0.15, 0.55, 10, 0.2, 0.3]] 1347.11 636564 59474

results =  [[0.15, 0.25, 10, 0.2, 0.5]] 1395.21 375824 53177

results =  [[0.15, 0.15, 10, 0.2, 0.9]] 1443.36 272910 49261

results =  [[0.15, 0.45, 10, 0.2, 0.1]] 1302.95 849360 64087

results =  [[0.15, 0.15, 10, 0.2, 0.8]] 1446.49 283988 49697

results =  [[0.15, 0.15, 10, 0.2, 0.7]] 1441.79 296714 50185

results =  [[0.15, 0.15, 10, 0.2, 0.6]] 1427.91 306898 51041

results =  [[2.95, 0.15, 10, 0.2, 0.2]] 1426.63 284862 48062

results =  [[0.15, 0.25, 10, 0.2, 0.9]] 1432.97 277376 49775

results =  [[0.55, 0.15, 10, 0.2, 1.0]] 1439.53 247522 48204

results =  [[0.55, 0.15, 10, 0.2, 0.7]] 1438.09 272408 49063

results =  [[0.55, 0.15, 10, 0.2, 0.9]] 1451.62 259064 48353

results =  [[0.15, 0.35, 10, 0.2, 0.4]] 1377.76 459414 55925

results =  [[0.55, 0.15, 10, 0.2, 0.6]] 1429.73 282234 49333

results =  [[0.15, 0.55, 10, 0.2, 1.0]] 1382.09 353088 51991
searchABCD.py:221: RuntimeWarning: divide by zero encountered in scalar divide
  Fi =  A* np.exp((rij*0 -b) / B) * (l + (1-l)*((1+cosphi)/2)) * (dij + d2)/(2*b) * (xdij/dij + (xdij - velocities[j]*Dt)/d2)/2
searchABCD.py:136: RuntimeWarning: invalid value encountered in divide
  vect = res/(np.linalg.norm(res)+1e-5)
Traceback (most recent call last):
  File "searchABCD.py", line 413, in <module>
    top5, minErr, minPed, minWalls = grid_search(iterations)
  File "searchABCD.py", line 397, in grid_search
    total_overlaps, walls_overlaps, ped_left, dens = main_loop(a, b, c, d, kn, kt, room_width, room_height, door_width, exit_doorx,exit_doory, num_pedestrians, num_iterations, dt, deleted, tau, m, v0, L, positions, wallsy, wallsx, velocities, r, iterations)
  File "searchABCD.py", line 266, in main_loop
    forces = model(A, B, C, D, kn, kt, room_width, room_height, door_width, exit_doorx,
  File "searchABCD.py", line 187, in social_force_vadere
    eikDir = getGrad(positions, deleted, tt)
  File "searchABCD.py", line 81, in getGrad
    x = int((position[0]+8)/resol)
OverflowError: cannot convert float infinity to integer

results =  [[0.55, 0.15, 10, 0.2, 0.8]] 1444.06 268954 48721
srun: error: lm3-w004: task 0: Exited with exit code 1

results =  [[0.15, 0.25, 10, 0.2, 0.7]] 1415.23 317124 51109

results =  [[0.55, 0.15, 10, 0.2, 0.5]] 1423.44 295788 49898

results =  [[0.15, 0.55, 10, 0.2, 0.9]] 1376.02 372890 52646

results =  [[0.55, 0.15, 10, 0.2, 0.4]] 1406.75 315308 50340

results =  [[3.75, 0.15, 10, 0.2, 0.4]] 1452.17 283952 49085

results =  [[0.55, 0.15, 10, 0.2, 0.3]] 1400.58 343688 51811

results =  [[0.95, 0.15, 10, 0.2, 0.7]] 1438.26 263516 48346

results =  [[0.95, 0.15, 10, 0.2, 0.5]] 1432.87 277886 48733

results =  [[1.35, 0.25, 10, 0.2, 0.4]] 1402.8 281620 47820

results =  [[0.55, 0.15, 10, 0.2, 0.2]] 1401.34 376654 53170

results =  [[0.15, 0.55, 10, 0.2, 0.4]] 1366.3 544630 57678

results =  [[0.15, 0.15, 10, 0.2, 0.3]] 1389.6 434650 55938

results =  [[3.35, 0.25, 10, 0.2, 0.9]] 1405.57 183410 48890

results =  [[2.95, 0.15, 10, 0.2, 0.8]] 1444.78 237938 47561

results =  [[2.95, 0.15, 10, 0.2, 0.5]] 1430.02 270464 47076

results =  [[0.15, 0.35, 10, 0.2, 0.7]] 1399.83 356876 52530

results =  [[0.15, 0.55, 10, 0.2, 0.1]] 1319.29 836248 63146

results =  [[0.55, 0.25, 10, 0.2, 0.9]] 1428.34 251842 48400

results =  [[2.95, 0.15, 10, 0.2, 0.3]] 1440.63 302246 48737

results =  [[3.35, 0.15, 10, 0.2, 0.7]] 1476.1 249894 47718

results =  [[0.55, 0.25, 10, 0.2, 1.0]] 1429.2 244358 48046

results =  [[0.55, 0.25, 10, 0.2, 0.6]] 1421.25 294812 49363

results =  [[0.55, 0.15, 10, 0.2, 0.1]] 1375.42 446960 55602

results =  [[0.15, 0.45, 10, 0.2, 0.2]] 1329.73 725618 62038

results =  [[1.75, 0.15, 10, 0.2, 0.3]] 1419.4 284368 49405

results =  [[0.55, 0.25, 10, 0.2, 0.3]] 1400.85 363586 50997

results =  [[2.95, 0.15, 10, 0.2, 1.0]] 1480.95 227636 47407

results =  [[2.95, 0.15, 10, 0.2, 0.7]] 1418.45 258460 49826

results =  [[3.75, 0.15, 10, 0.2, 0.3]] 1440.22 309152 47300

results =  [[0.15, 0.35, 10, 0.2, 0.5]] 1382.8 420024 54412

results =  [[2.15, 0.15, 10, 0.2, 0.4]] 1435.92 271280 47609

results =  [[0.15, 0.45, 10, 0.2, 0.8]] 1389.12 369900 52774

results =  [[0.55, 0.25, 10, 0.2, 0.4]] 1401.22 343832 50440

results =  [[0.55, 0.25, 10, 0.2, 0.5]] 1409.6 322456 49915

results =  [[0.15, 0.45, 10, 0.2, 0.9]] 1390.23 350868 52115

results =  [[1.35, 0.55, 10, 0.2, 0.8]] 1242.32 149108 47896

results =  [[0.15, 0.45, 10, 0.2, 0.7]] 1384.15 395554 53468

results =  [[2.55, 0.15, 10, 0.2, 0.1]] 1411.67 336884 48907

results =  [[0.15, 0.45, 10, 0.2, 0.6]] 1381.71 416772 54257

results =  [[0.15, 0.15, 10, 0.2, 0.2]] 1351.71 579272 59735

results =  [[0.55, 0.25, 10, 0.2, 0.2]] 1390.06 416876 52469

results =  [[0.15, 0.65, 10, 0.2, 0.3]] 1348.59 657134 59404

results =  [[2.95, 0.25, 10, 0.2, 0.4]] 1408.51 237824 46841

results =  [[0.15, 0.65, 10, 0.2, 0.1]] 1322.58 830242 62639

results =  [[0.15, 0.55, 10, 0.2, 0.8]] 1376.17 403046 53399

results =  [[0.15, 0.45, 10, 0.2, 0.5]] 1374.17 456230 55515

results =  [[0.95, 0.25, 10, 0.2, 0.2]] 1411.02 353202 50060

results =  [[0.55, 0.35, 10, 0.2, 0.8]] 1410.88 249578 48303

results =  [[0.55, 0.35, 10, 0.2, 0.7]] 1404.31 256614 48702

results =  [[2.55, 0.15, 10, 0.2, 0.3]] 1420.51 282528 47840

results =  [[0.15, 0.55, 10, 0.2, 0.7]] 1374.69 423344 54217

results =  [[0.15, 0.65, 10, 0.2, 1.0]] 1371.23 355372 52108

results =  [[0.15, 0.15, 10, 0.2, 0.5]] 1421.31 325528 51614

results =  [[0.15, 0.25, 10, 0.2, 0.8]] 1428.35 292326 50340

results =  [[3.35, 0.35, 10, 0.2, 1.0]] 1290.33 126764 50038

results =  [[0.55, 0.35, 10, 0.2, 0.5]] 1395.66 298194 49936

results =  [[0.95, 0.25, 10, 0.2, 0.9]] 1439.46 235090 47265

results =  [[2.15, 0.15, 10, 0.2, 0.7]] 1421.25 243256 48848

results =  [[0.55, 0.25, 10, 0.2, 0.1]] 1376.32 495424 54023

results =  [[0.15, 0.25, 10, 0.2, 0.2]] 1338.54 631266 60855

results =  [[0.15, 0.45, 10, 0.2, 0.4]] 1368.8 504544 56889

results =  [[0.55, 0.35, 10, 0.2, 0.9]] 1405.4 249194 47966

results =  [[0.95, 0.25, 10, 0.2, 0.8]] 1427.69 247504 47371

results =  [[0.15, 0.15, 10, 0.2, 0.1]] 1328.2 682698 62345

results =  [[0.15, 0.65, 10, 0.2, 0.9]] 1362.96 391236 52846

results =  [[1.35, 0.55, 10, 0.2, 0.7]] 1263.36 160654 48132

results =  [[0.55, 0.35, 10, 0.2, 0.3]] 1399.59 363922 50970

results =  [[0.95, 0.75, 10, 0.2, 0.8]] 1158.62 143056 49377

results =  [[2.15, 0.15, 10, 0.2, 0.5]] 1408.3 290724 47513

results =  [[0.55, 0.35, 10, 0.2, 0.4]] 1400.11 330354 50398

results =  [[2.15, 0.15, 10, 0.2, 0.8]] 1460.37 254352 46924

results =  [[2.55, 0.15, 10, 0.2, 1.0]] 1448.64 226258 48457

results =  [[3.35, 0.35, 10, 0.2, 0.7]] 1309.78 146278 50815

results =  [[0.15, 0.65, 10, 0.2, 0.8]] 1364.69 418610 53666

results =  [[0.55, 0.35, 10, 0.2, 1.0]] 1422.48 239098 49715

results =  [[2.55, 0.15, 10, 0.2, 0.4]] 1436.18 283846 47496

results =  [[0.15, 0.75, 10, 0.2, 1.0]] 1359.68 380770 52809

results =  [[2.15, 0.15, 10, 0.2, 0.6]] 1439.36 281180 48172

results =  [[1.35, 0.65, 10, 0.2, 0.9]] 1153.33 140428 48710

results =  [[0.15, 0.65, 10, 0.2, 0.7]] 1367.82 449704 54393

results =  [[2.15, 0.15, 10, 0.2, 0.9]] 1446.57 266444 47055

results =  [[3.75, 0.25, 10, 0.2, 0.7]] 1417.48 183976 49319
srun: error: write(shepherd): Bad file descriptor

results =  [[2.55, 0.15, 10, 0.2, 0.7]] 1458.12 266110 46805

results =  [[0.15, 0.75, 10, 0.2, 0.9]] 1357.7 412394 53426

results =  [[1.35, 0.35, 10, 0.2, 0.5]] 1389.55 231426 47391

results =  [[2.15, 0.15, 10, 0.2, 1.0]] 1439.24 255420 47843

results =  [[0.55, 0.35, 10, 0.2, 0.2]] 1392.82 422710 52033

results =  [[2.95, 0.25, 10, 0.2, 0.9]] 1379.29 185078 49257

results =  [[0.15, 0.25, 10, 0.2, 0.1]] 1318.66 740552 63233

results =  [[0.15, 0.85, 10, 0.2, 1.0]] 1345.26 377354 52879

results =  [[0.55, 0.45, 10, 0.2, 0.6]] 1389.68 252268 49145

results =  [[1.35, 0.25, 10, 0.2, 1.0]] 1400.21 234694 47489

results =  [[0.15, 0.45, 10, 0.2, 0.3]] 1355.33 598848 59290

results =  [[0.15, 0.65, 10, 0.2, 0.6]] 1365.66 479704 55180

results =  [[0.55, 0.45, 10, 0.2, 0.9]] 1378.18 223064 48010

results =  [[0.95, 0.25, 10, 0.2, 1.0]] 1439.01 262912 47055

results =  [[0.15, 0.75, 10, 0.2, 0.8]] 1356.97 436046 53977

results =  [[2.95, 0.25, 10, 0.2, 1.0]] 1429.29 185780 48012

results =  [[3.35, 0.25, 10, 0.2, 0.7]] 1395.13 193894 49012

results =  [[0.15, 0.65, 10, 0.2, 0.5]] 1364.34 518406 56436

results =  [[0.15, 0.75, 10, 0.2, 0.7]] 1355.53 467402 54902

results =  [[2.55, 0.55, 10, 0.2, 1.0]] 1142.07 99432 56733

results =  [[3.75, 0.15, 10, 0.2, 1.0]] 1499.53 208820 49919
srun: error: write(shepherd): Bad file descriptor

results =  [[0.55, 0.45, 10, 0.2, 0.8]] 1391.84 238432 48373

results =  [[2.55, 0.15, 10, 0.2, 0.9]] 1448.4 254574 49710

results =  [[0.15, 0.85, 10, 0.2, 0.9]] 1334.75 419074 53695

results =  [[0.55, 0.45, 10, 0.2, 0.4]] 1390.7 301750 50219

results =  [[0.55, 0.45, 10, 0.2, 1.0]] 1397.5 228290 47659

results =  [[0.15, 0.15, 10, 0.2, 0.4]] 1412.18 355910 53233

results =  [[0.55, 0.45, 10, 0.2, 0.7]] 1386.05 247200 48678

results =  [[0.95, 0.45, 10, 0.2, 0.3]] 1382.78 262164 49085

results =  [[0.15, 0.75, 10, 0.2, 0.6]] 1351.71 500036 55408

results =  [[0.55, 0.45, 10, 0.2, 0.5]] 1391.26 281342 49764

results =  [[1.75, 0.25, 10, 0.2, 0.1]] 1426.43 324408 49913

results =  [[0.15, 0.85, 10, 0.2, 0.8]] 1340.95 450210 54420

results =  [[1.75, 0.25, 10, 0.2, 0.2]] 1410.61 302714 48336

results =  [[0.15, 0.75, 10, 0.2, 0.5]] 1360.35 530334 56380

results =  [[0.95, 0.35, 10, 0.2, 0.5]] 1403.6 252842 48075

results =  [[2.55, 0.25, 10, 0.2, 0.2]] 1401.26 287840 47652

results =  [[0.15, 1.05, 10, 0.2, 1.0]] 1285.45 378886 53586

results =  [[0.55, 0.45, 10, 0.2, 0.3]] 1400.96 337798 50790

results =  [[0.95, 0.35, 10, 0.2, 0.2]] 1413.95 319748 49688

results =  [[0.15, 1.05, 10, 0.2, 0.9]] 1286.17 416040 54388

results =  [[0.15, 0.95, 10, 0.2, 0.8]] 1318.22 446982 54655

results =  [[0.95, 0.35, 10, 0.2, 0.4]] 1400.46 269388 48604

results =  [[0.15, 0.95, 10, 0.2, 0.9]] 1316.33 417020 54058

results =  [[0.15, 0.85, 10, 0.2, 0.6]] 1341.34 514292 55749

results =  [[0.95, 0.35, 10, 0.2, 0.3]] 1403.22 290542 48977

results =  [[0.95, 0.35, 10, 0.2, 0.8]] 1396.21 230066 47230

results =  [[0.15, 0.85, 10, 0.2, 0.7]] 1337.47 476264 54907

results =  [[0.95, 0.35, 10, 0.2, 0.6]] 1404.03 243868 47776

results =  [[3.35, 0.25, 10, 0.2, 0.5]] 1411.96 213578 47966

results =  [[2.55, 0.35, 10, 0.2, 0.8]] 1334.11 156402 47593

results =  [[3.35, 0.25, 10, 0.2, 0.2]] 1410.5 258010 48242

results =  [[3.75, 0.45, 10, 0.2, 0.5]] 1146.91 128150 49753
srun: error: write(shepherd): Bad file descriptor

results =  [[3.35, 0.25, 10, 0.2, 0.4]] 1420.39 226478 47604

results =  [[1.75, 0.75, 10, 0.2, 1.0]] 1082.17 89156 60812

results =  [[1.75, 0.35, 10, 0.2, 0.6]] 1371.39 197724 47050

results =  [[2.95, 0.35, 10, 0.2, 0.8]] 1321.17 148684 49464

results =  [[0.15, 0.75, 10, 0.2, 0.4]] 1352.28 597806 57844

results =  [[0.15, 0.55, 10, 0.2, 0.2]] 1331.01 757340 61973

results =  [[0.95, 0.35, 10, 0.2, 1.0]] 1395.12 220008 46924

results =  [[0.15, 0.85, 10, 0.2, 0.5]] 1343.69 553158 56628

results =  [[0.55, 0.55, 10, 0.2, 0.5]] 1373.16 257034 49798

results =  [[0.15, 1.05, 10, 0.2, 0.8]] 1282.96 451266 55092

results =  [[0.15, 0.95, 10, 0.2, 0.7]] 1315.09 485532 55336

results =  [[0.55, 0.55, 10, 0.2, 0.6]] 1363.72 242560 49273

results =  [[3.35, 0.25, 10, 0.2, 0.6]] 1430.02 212176 49107

results =  [[0.55, 0.55, 10, 0.2, 0.8]] 1364.82 226282 48488

results =  [[0.55, 0.55, 10, 0.2, 0.7]] 1346.18 232782 48974

results =  [[0.55, 0.55, 10, 0.2, 1.0]] 1346.2 212246 47812

results =  [[0.95, 0.35, 10, 0.2, 0.1]] 1412.17 368536 50383

results =  [[0.95, 0.15, 10, 0.2, 0.1]] 1394.08 400342 52680

results =  [[2.95, 0.25, 10, 0.2, 0.7]] 1403.15 208530 49395

results =  [[0.95, 0.35, 10, 0.2, 0.9]] 1391.05 232512 47089

results =  [[1.75, 0.25, 10, 0.2, 0.9]] 1420.03 228970 46485

results =  [[0.55, 0.55, 10, 0.2, 0.9]] 1344.91 217274 47973

results =  [[2.55, 0.35, 10, 0.2, 0.9]] 1347.97 151022 49417

results =  [[1.75, 0.25, 10, 0.2, 0.8]] 1402.25 237278 46723

results =  [[0.55, 0.65, 10, 0.2, 0.9]] 1295.26 191932 48252

results =  [[1.75, 0.75, 10, 0.2, 0.9]] 1036.11 100338 55345

results =  [[0.55, 0.45, 10, 0.2, 0.1]] 1406.78 437964 52283

results =  [[0.15, 0.95, 10, 0.2, 0.5]] 1324.38 558708 56916

results =  [[0.15, 0.95, 10, 0.2, 0.6]] 1319.4 515026 56158

results =  [[1.75, 0.25, 10, 0.2, 0.6]] 1415.5 254332 46968

results =  [[1.75, 0.25, 10, 0.2, 1.0]] 1417.95 224754 48630

results =  [[1.75, 0.25, 10, 0.2, 0.7]] 1418.79 245736 46742

results =  [[0.15, 1.05, 10, 0.2, 0.7]] 1295.54 482232 55614

results =  [[0.55, 0.65, 10, 0.2, 0.8]] 1299.59 197776 48502

results =  [[0.55, 0.65, 10, 0.2, 1.0]] 1296.03 188206 47904

results =  [[0.15, 0.75, 10, 0.2, 0.2]] 1330.32 794802 61535

results =  [[0.15, 0.85, 10, 0.2, 0.4]] 1347.2 607734 57966

results =  [[0.55, 0.75, 10, 0.2, 1.0]] 1244.41 163414 48118

results =  [[0.15, 0.75, 10, 0.2, 0.3]] 1346.9 684588 59452

results =  [[1.75, 0.25, 10, 0.2, 0.4]] 1435.16 280246 47379

results =  [[2.15, 0.25, 10, 0.2, 0.2]] 1404.24 301624 48633

results =  [[2.95, 0.15, 10, 0.2, 0.1]] 1439.83 326860 49553

results =  [[2.15, 0.25, 10, 0.2, 0.7]] 1411.32 224176 47344

results =  [[0.55, 0.65, 10, 0.2, 0.7]] 1306.34 211064 49188

results =  [[2.15, 0.25, 10, 0.2, 0.9]] 1407.75 217168 47171

results =  [[0.55, 0.85, 10, 0.2, 1.0]] 1205.76 149446 48570

results =  [[0.55, 0.55, 10, 0.2, 0.3]] 1396.73 310114 51054

results =  [[0.55, 0.55, 10, 0.2, 0.4]] 1385.35 279906 50411

results =  [[0.95, 0.95, 10, 0.2, 0.9]] 1016.2 116444 52458

results =  [[0.15, 1.05, 10, 0.2, 0.5]] 1304.14 569586 57425

results =  [[2.15, 0.25, 10, 0.2, 0.1]] 1422.53 339162 48721

results =  [[2.15, 0.25, 10, 0.2, 1.0]] 1422.69 213482 48054

results =  [[2.55, 0.25, 10, 0.2, 0.7]] 1414.06 211014 48217

results =  [[0.55, 0.75, 10, 0.2, 0.8]] 1254.57 182750 49042

results =  [[2.15, 0.25, 10, 0.2, 0.5]] 1413.69 252032 46840

results =  [[0.55, 0.85, 10, 0.2, 0.9]] 1197.51 161362 49024

results =  [[2.15, 0.25, 10, 0.2, 0.3]] 1420.51 271238 48182

results =  [[2.15, 0.25, 10, 0.2, 0.8]] 1434.95 229564 46474

results =  [[2.15, 0.25, 10, 0.2, 0.6]] 1403.46 241868 46687

results =  [[0.15, 1.05, 10, 0.2, 0.6]] 1302.86 522054 56407

results =  [[2.55, 0.45, 10, 0.2, 0.8]] 1217.77 132264 49271

results =  [[0.95, 0.45, 10, 0.2, 1.0]] 1331.47 192540 46987

results =  [[0.55, 0.75, 10, 0.2, 0.9]] 1251.24 171498 48464

results =  [[2.55, 0.25, 10, 0.2, 0.5]] 1410.02 230562 46595

results =  [[2.95, 0.55, 10, 0.2, 1.0]] 1146.66 87084 59782

results =  [[2.55, 0.35, 10, 0.2, 0.4]] 1360.38 190988 49262

results =  [[0.15, 0.95, 10, 0.2, 0.4]] 1332.82 615878 58153

results =  [[2.15, 0.25, 10, 0.2, 0.4]] 1400.85 260880 47102

results =  [[2.55, 0.25, 10, 0.2, 0.4]] 1408.51 245288 46904

results =  [[2.55, 0.25, 10, 0.2, 0.3]] 1396.23 261350 47144

results =  [[0.55, 0.65, 10, 0.2, 0.5]] 1326.19 232166 49858

results =  [[3.75, 0.35, 10, 0.2, 0.9]] 1281.59 118666 50045
srun: error: write(shepherd): Bad file descriptor

results =  [[0.55, 0.65, 10, 0.2, 0.6]] 1311.55 221486 49536

results =  [[0.55, 0.95, 10, 0.2, 1.0]] 1149.74 143936 48929

results =  [[0.95, 0.45, 10, 0.2, 0.9]] 1339.07 203064 48096

results =  [[0.55, 0.85, 10, 0.2, 0.8]] 1203.61 167884 49382

results =  [[0.15, 0.85, 10, 0.2, 0.2]] 1328.49 792416 61165

results =  [[2.55, 0.25, 10, 0.2, 0.6]] 1408.41 229424 46644

results =  [[0.55, 0.55, 10, 0.2, 0.2]] 1391.1 357588 51798
searchABCD.py:221: RuntimeWarning: divide by zero encountered in scalar divide
  Fi =  A* np.exp((rij*0 -b) / B) * (l + (1-l)*((1+cosphi)/2)) * (dij + d2)/(2*b) * (xdij/dij + (xdij - velocities[j]*Dt)/d2)/2
searchABCD.py:136: RuntimeWarning: invalid value encountered in divide
  vect = res/(np.linalg.norm(res)+1e-5)
Traceback (most recent call last):
  File "searchABCD.py", line 413, in <module>
    top5, minErr, minPed, minWalls = grid_search(iterations)
  File "searchABCD.py", line 397, in grid_search
    total_overlaps, walls_overlaps, ped_left, dens = main_loop(a, b, c, d, kn, kt, room_width, room_height, door_width, exit_doorx,exit_doory, num_pedestrians, num_iterations, dt, deleted, tau, m, v0, L, positions, wallsy, wallsx, velocities, r, iterations)
  File "searchABCD.py", line 266, in main_loop
    forces = model(A, B, C, D, kn, kt, room_width, room_height, door_width, exit_doorx,
  File "searchABCD.py", line 187, in social_force_vadere
    eikDir = getGrad(positions, deleted, tt)
  File "searchABCD.py", line 81, in getGrad
    x = int((position[0]+8)/resol)
OverflowError: cannot convert float infinity to integer

results =  [[0.55, 0.75, 10, 0.2, 0.7]] 1277.09 189652 49275

results =  [[0.15, 0.55, 10, 0.2, 0.5]] 1370.77 488276 56091
srun: error: lm3-w071: task 0: Exited with exit code 1

results =  [[0.95, 1.05, 10, 0.2, 1.0]] 1074.12 106034 57947

results =  [[0.15, 0.35, 10, 0.2, 0.3]] 1359.22 547210 58508

results =  [[2.55, 0.25, 10, 0.2, 0.8]] 1398.74 211362 49068

results =  [[0.15, 0.85, 10, 0.2, 0.1]] 1325.57 841468 61937

results =  [[0.55, 0.65, 10, 0.2, 0.4]] 1343.05 259798 50670

results =  [[0.95, 0.45, 10, 0.2, 0.6]] 1361.07 225392 47840

results =  [[0.95, 0.45, 10, 0.2, 0.4]] 1358.66 242480 48688

results =  [[0.55, 1.05, 10, 0.2, 1.0]] 1094.04 137858 49710

results =  [[2.95, 0.25, 10, 0.2, 0.8]] 1391.11 196712 49067

results =  [[0.15, 0.95, 10, 0.2, 0.3]] 1325.54 703838 59583

results =  [[0.15, 1.05, 10, 0.2, 0.4]] 1307.09 618784 58248

results =  [[0.95, 0.55, 10, 0.2, 0.9]] 1297.21 170240 47403

results =  [[0.55, 0.95, 10, 0.2, 0.9]] 1147.02 149422 49712

results =  [[0.15, 0.95, 10, 0.2, 0.2]] 1324.78 777274 60889

results =  [[0.95, 0.65, 10, 0.2, 0.5]] 1256.89 186354 49295

results =  [[0.95, 0.45, 10, 0.2, 0.5]] 1357.26 229790 48192

results =  [[0.55, 0.55, 10, 0.2, 0.1]] 1389.82 406492 52478

results =  [[2.15, 0.35, 10, 0.2, 1.0]] 1334.29 159494 48571

results =  [[0.55, 0.25, 10, 0.2, 0.7]] 1424.92 269122 48864

results =  [[0.15, 1.05, 10, 0.2, 0.2]] 1307.2 775758 60925

results =  [[2.95, 0.35, 10, 0.2, 0.3]] 1351.94 193820 47896

results =  [[0.15, 0.95, 10, 0.2, 0.1]] 1325.06 834312 61772

results =  [[2.15, 0.65, 10, 0.2, 1.0]] 1109.83 93282 56888

results =  [[3.35, 0.15, 10, 0.2, 0.3]] 1424.4 303182 48322

results =  [[0.55, 0.75, 10, 0.2, 0.5]] 1262.62 230792 50419

results =  [[0.15, 1.05, 10, 0.2, 0.3]] 1305.71 702104 59632

results =  [[3.75, 0.25, 10, 0.2, 0.2]] 1407.14 252412 47290

results =  [[1.75, 0.35, 10, 0.2, 1.0]] 1371.27 182120 48686
srun: error: write(shepherd): Bad file descriptor

results =  [[0.55, 0.65, 10, 0.2, 0.3]] 1349.37 297616 51219

results =  [[0.55, 0.75, 10, 0.2, 0.6]] 1269.89 208514 49782

results =  [[0.55, 0.95, 10, 0.2, 0.8]] 1131.07 159724 49609

results =  [[0.15, 1.05, 10, 0.2, 0.1]] 1310.07 826624 61392

results =  [[3.35, 0.65, 10, 0.2, 0.8]] 1063.04 70354 69947

results =  [[2.95, 0.35, 10, 0.2, 0.9]] 1313.69 141914 51195
srun: error: write(shepherd): Bad file descriptor

results =  [[2.15, 0.35, 10, 0.2, 0.9]] 1364.12 171268 48241

results =  [[2.15, 0.35, 10, 0.2, 0.7]] 1352.26 176776 48609

results =  [[2.15, 0.45, 10, 0.2, 1.0]] 1251.7 129542 49482

results =  [[0.95, 0.55, 10, 0.2, 0.7]] 1314.26 182602 47836

results =  [[2.15, 0.35, 10, 0.2, 0.6]] 1352.76 186298 47978

results =  [[3.35, 0.45, 10, 0.2, 0.6]] 1192.55 126578 50194

results =  [[3.35, 0.55, 10, 0.2, 0.9]] 1142.92 78474 68463

results =  [[0.55, 0.85, 10, 0.2, 0.7]] 1184.26 186992 49952

results =  [[2.95, 0.45, 10, 0.2, 0.7]] 1231.64 129258 48854

results =  [[2.15, 0.35, 10, 0.2, 0.8]] 1348.45 173372 47632

results =  [[1.75, 0.35, 10, 0.2, 0.3]] 1389.03 240622 47806

results =  [[1.75, 0.35, 10, 0.2, 0.2]] 1409.65 261176 48133

results =  [[0.15, 0.65, 10, 0.2, 0.4]] 1361.44 572938 57653

results =  [[2.15, 0.35, 10, 0.2, 0.5]] 1360.59 195712 47244

results =  [[2.55, 0.45, 10, 0.2, 0.9]] 1222.84 119568 50266

results =  [[2.95, 0.45, 10, 0.2, 0.9]] 1200.87 112596 49918

results =  [[2.55, 0.45, 10, 0.2, 1.0]] 1223.16 123592 50138

results =  [[0.95, 0.45, 10, 0.2, 0.1]] 1392.96 335614 50064

results =  [[0.95, 0.65, 10, 0.2, 0.8]] 1231.68 161578 48534

results =  [[1.75, 0.45, 10, 0.2, 0.7]] 1280.11 163388 47624

results =  [[3.35, 0.45, 10, 0.2, 0.5]] 1163.99 136998 48507

results =  [[1.75, 0.45, 10, 0.2, 0.1]] 1316.83 282774 49485

results =  [[2.55, 0.35, 10, 0.2, 0.6]] 1355.12 169470 49727

results =  [[0.55, 0.85, 10, 0.2, 0.6]] 1191.86 198206 50168

results =  [[0.95, 0.65, 10, 0.2, 0.7]] 1239.81 164392 48587

results =  [[2.15, 0.45, 10, 0.2, 0.9]] 1253.37 138588 50403

results =  [[2.15, 0.55, 10, 0.2, 1.0]] 1162.95 111894 52568

results =  [[1.75, 0.55, 10, 0.2, 1.0]] 1198.2 126244 49236

results =  [[2.55, 0.55, 10, 0.2, 0.8]] 1119.57 112596 52104

results =  [[3.35, 0.55, 10, 0.2, 0.7]] 1055.9 95602 54208

results =  [[2.15, 0.35, 10, 0.2, 0.2]] 1385.67 242896 48049

results =  [[0.55, 0.95, 10, 0.2, 0.7]] 1126.85 178484 50218

results =  [[0.55, 0.75, 10, 0.2, 0.4]] 1268.02 254684 50831

results =  [[2.15, 0.35, 10, 0.2, 0.4]] 1371.41 207812 47413

results =  [[1.75, 0.65, 10, 0.2, 1.0]] 1120.89 106852 51873

results =  [[3.75, 0.55, 10, 0.2, 0.6]] 962.75 99088 56290
srun: error: write(shepherd): Bad file descriptor

results =  [[2.15, 0.35, 10, 0.2, 0.3]] 1376.25 218368 47662

results =  [[0.95, 0.95, 10, 0.2, 0.5]] 835.16 163820 52894

results =  [[2.95, 0.35, 10, 0.2, 0.7]] 1329.94 157092 50365

results =  [[2.95, 0.65, 10, 0.2, 1.0]] 1159.62 69152 74102

results =  [[2.15, 0.45, 10, 0.2, 0.8]] 1256.86 146628 49323

results =  [[2.95, 0.35, 10, 0.2, 0.5]] 1350.49 168058 49143

results =  [[3.35, 0.55, 10, 0.2, 0.6]] 990.62 107556 51793

results =  [[2.55, 0.55, 10, 0.2, 0.9]] 1120.77 102000 52040

results =  [[1.75, 0.55, 10, 0.2, 0.9]] 1201.82 132772 49240

results =  [[2.95, 0.65, 10, 0.2, 0.8]] 1055.69 78568 65223

results =  [[2.15, 0.75, 10, 0.2, 1.0]] 1134.36 73938 69201

results =  [[0.15, 0.55, 10, 0.2, 0.6]] 1375.37 453394 54951

results =  [[2.55, 0.35, 10, 0.2, 0.3]] 1381.55 201598 48117

results =  [[3.75, 0.65, 10, 0.2, 0.7]] 1021.79 70894 70747
srun: error: write(shepherd): Bad file descriptor

results =  [[0.55, 0.95, 10, 0.2, 0.4]] 1042.43 252438 52404

results =  [[0.55, 0.65, 10, 0.2, 0.1]] 1333.83 398892 52774

results =  [[0.55, 0.85, 10, 0.2, 0.5]] 1186.01 222028 50841

results =  [[2.55, 0.75, 10, 0.2, 1.0]] 1178.4 61764 76453

results =  [[0.55, 0.35, 10, 0.2, 0.1]] 1401.63 481500 53089

results =  [[2.95, 0.45, 10, 0.2, 0.5]] 1219.76 144056 49096

results =  [[0.15, 0.95, 10, 0.2, 1.0]] 1316.12 386888 53220

results =  [[2.15, 0.45, 10, 0.2, 0.7]] 1259.42 151782 48743

results =  [[0.55, 0.95, 10, 0.2, 0.6]] 1110.98 192146 50698

results =  [[2.95, 0.55, 10, 0.2, 0.9]] 1131.49 94456 54701

results =  [[0.55, 1.05, 10, 0.2, 0.7]] 1047.5 171106 50879

results =  [[2.55, 0.65, 10, 0.2, 0.8]] 1046.91 91040 58277

results =  [[2.15, 0.55, 10, 0.2, 0.8]] 1146.96 128364 48408

results =  [[2.15, 0.65, 10, 0.2, 0.9]] 1074.45 100420 53976

results =  [[2.15, 0.45, 10, 0.2, 0.6]] 1257.82 164498 47864

results =  [[0.55, 0.75, 10, 0.2, 0.3]] 1266.79 290598 51530

results =  [[2.55, 0.75, 10, 0.2, 0.9]] 1141.74 68964 71620

results =  [[1.35, 0.65, 10, 0.2, 0.4]] 1107.25 175136 50009

results =  [[1.75, 1.05, 10, 0.2, 1.0]] 1221.76 60466 89828

results =  [[0.95, 0.75, 10, 0.2, 0.4]] 1070.04 195930 50920

results =  [[1.75, 0.55, 10, 0.2, 0.8]] 1171.23 145286 48457

results =  [[2.55, 0.15, 10, 0.2, 0.8]] 1435.14 243320 49801

results =  [[2.95, 0.45, 10, 0.2, 0.4]] 1193.21 159578 48660

results =  [[0.55, 0.75, 10, 0.2, 0.2]] 1234.86 335820 52334

results =  [[1.35, 0.95, 10, 0.2, 0.8]] 1007.17 99448 60332

results =  [[2.95, 0.55, 10, 0.2, 0.6]] 1034.79 116794 50583

results =  [[2.95, 0.55, 10, 0.2, 0.8]] 1095.48 99292 52670

results =  [[2.55, 0.45, 10, 0.2, 0.6]] 1240.2 147186 48444

results =  [[3.35, 0.75, 10, 0.2, 1.0]] 1245.98 47066 79675

results =  [[0.95, 0.55, 10, 0.2, 0.2]] 1325.94 278014 50192
srun: error: write(shepherd): Bad file descriptor

results =  [[1.75, 0.75, 10, 0.2, 0.5]] 799.63 140506 53465

results =  [[2.15, 0.35, 10, 0.2, 0.1]] 1411.75 284288 48553

results =  [[2.95, 0.45, 10, 0.2, 0.2]] 1150.95 193932 49397

results =  [[3.35, 0.65, 10, 0.2, 0.7]] 993.47 79060 63684

results =  [[1.35, 0.95, 10, 0.2, 1.0]] 1104.99 83752 63455

results =  [[0.55, 0.95, 10, 0.2, 0.5]] 1081.04 219542 51702

results =  [[3.35, 0.45, 10, 0.2, 0.4]] 1149.64 149002 48963

results =  [[0.95, 0.65, 10, 0.2, 0.2]] 1178.01 272652 51383

results =  [[1.75, 0.55, 10, 0.2, 0.7]] 1190.84 147152 48398

results =  [[2.55, 0.55, 10, 0.2, 0.7]] 1092.65 117918 49061

results =  [[0.95, 0.85, 10, 0.2, 0.6]] 1018.76 147766 50631

results =  [[0.55, 1.05, 10, 0.2, 0.6]] 1008.32 193654 51465

results =  [[3.75, 0.65, 10, 0.2, 0.9]] 1167.53 55990 76760
srun: error: write(shepherd): Bad file descriptor

results =  [[1.75, 0.65, 10, 0.2, 0.8]] 1085.99 124928 49529

results =  [[0.55, 0.85, 10, 0.2, 0.3]] 1123.58 294534 52637

results =  [[2.15, 0.45, 10, 0.2, 0.4]] 1291.16 172584 48313

results =  [[0.15, 0.85, 10, 0.2, 0.3]] 1340.68 698710 59602

results =  [[2.55, 0.65, 10, 0.2, 0.9]] 1110.55 83626 63263

results =  [[2.55, 0.55, 10, 0.2, 0.5]] 1039.6 136574 49737

results =  [[0.95, 0.65, 10, 0.2, 0.3]] 1208.15 234752 50738

results =  [[2.55, 0.75, 10, 0.2, 0.8]] 1067.71 76414 70796

results =  [[2.55, 0.45, 10, 0.2, 0.5]] 1238.73 158700 48273

results =  [[1.75, 0.55, 10, 0.2, 0.6]] 1207.36 160096 49501

results =  [[2.15, 0.65, 10, 0.2, 0.8]] 1040.57 105030 55105

results =  [[1.75, 0.65, 10, 0.2, 0.7]] 1064.1 133862 49846

results =  [[2.95, 0.65, 10, 0.2, 0.7]] 979.78 90208 62077

results =  [[0.95, 0.75, 10, 0.2, 0.5]] 1118.14 174652 50200

results =  [[0.95, 0.55, 10, 0.2, 0.1]] 1315.47 328524 50855

results =  [[2.15, 0.45, 10, 0.2, 0.3]] 1297.9 192690 48776

results =  [[2.15, 0.75, 10, 0.2, 0.9]] 1080.87 81554 65375

results =  [[1.35, 0.55, 10, 0.2, 0.1]] 1227.29 294658 50604

results =  [[1.35, 1.05, 10, 0.2, 0.8]] 1062.3 93810 64975

results =  [[2.55, 0.95, 10, 0.2, 0.9]] 1220.46 49614 86514

results =  [[0.95, 0.45, 10, 0.2, 0.8]] 1340.58 208642 47190

results =  [[2.95, 0.55, 10, 0.2, 0.5]] 973.05 130772 51318

results =  [[0.55, 0.75, 10, 0.2, 0.1]] 1204.36 394554 53104

results =  [[2.95, 0.75, 10, 0.2, 0.8]] 1110.3 60940 75493

results =  [[2.55, 0.55, 10, 0.2, 0.6]] 1065.2 129246 49628

results =  [[2.15, 0.55, 10, 0.2, 0.6]] 1127.24 140646 49850

results =  [[2.55, 0.45, 10, 0.2, 0.4]] 1238.68 170848 48516

results =  [[1.75, 0.75, 10, 0.2, 0.7]] 947.02 109946 54031

results =  [[3.75, 0.75, 10, 0.2, 0.9]] 1216.54 44760 81243
srun: error: write(shepherd): Bad file descriptor

results =  [[2.55, 0.85, 10, 0.2, 1.0]] 1228.45 51722 85746

results =  [[0.55, 1.05, 10, 0.2, 0.5]] 974.38 218088 52369

results =  [[1.35, 1.05, 10, 0.2, 0.9]] 1103.87 86038 68333

results =  [[2.55, 0.75, 10, 0.2, 0.7]] 958.27 85104 64700

results =  [[1.75, 0.85, 10, 0.2, 0.8]] 1021.91 88460 62731

results =  [[2.15, 0.85, 10, 0.2, 0.9]] 1151.54 64286 71575

results =  [[0.95, 1.05, 10, 0.2, 0.7]] 941.03 133236 54703

results =  [[2.55, 0.95, 10, 0.2, 1.0]] 1242.94 43456 81537

results =  [[2.15, 0.65, 10, 0.2, 0.7]] 998.79 115740 52036

results =  [[3.35, 1.05, 10, 0.2, 1.0]] 1340.95 26276 78077

results =  [[2.95, 0.75, 10, 0.2, 0.7]] 1010.23 73660 69561
srun: error: write(shepherd): Bad file descriptor

results =  [[0.95, 0.85, 10, 0.2, 0.5]] 970.36 163346 51225

results =  [[2.15, 0.45, 10, 0.2, 0.2]] 1277.03 217338 49205

results =  [[2.15, 0.55, 10, 0.2, 0.4]] 1085.69 159034 49820

results =  [[1.75, 0.35, 10, 0.2, 0.8]] 1361.62 187074 46627

results =  [[2.55, 0.85, 10, 0.2, 0.8]] 1119.53 65364 78640

results =  [[2.55, 0.55, 10, 0.2, 0.4]] 1012.96 152770 50231

results =  [[2.55, 0.25, 10, 0.2, 0.1]] 1416.48 314644 50206

results =  [[2.15, 0.85, 10, 0.2, 1.0]] 1202.23 60974 80534

results =  [[2.55, 0.65, 10, 0.2, 0.7]] 978.96 99652 57140

results =  [[2.15, 0.55, 10, 0.2, 0.5]] 1119.98 150774 49523

results =  [[0.55, 0.95, 10, 0.2, 0.3]] 992.6 291644 53418

results =  [[0.95, 0.75, 10, 0.2, 0.2]] 952.05 271180 52695

results =  [[0.55, 0.85, 10, 0.2, 0.2]] 1088.47 343330 53458

results =  [[3.35, 0.75, 10, 0.2, 0.6]] 912.73 73810 67959
srun: error: write(shepherd): Bad file descriptor

results =  [[0.55, 1.05, 10, 0.2, 0.4]] 920.38 252804 53691

results =  [[0.55, 0.65, 10, 0.2, 0.2]] 1327.34 346150 52009

results =  [[1.75, 0.65, 10, 0.2, 0.5]] 1014.83 146608 50559

results =  [[0.55, 0.85, 10, 0.2, 0.1]] 1051.67 395946 53787

results =  [[1.75, 0.75, 10, 0.2, 0.6]] 874.57 126322 54441

results =  [[2.15, 0.85, 10, 0.2, 0.8]] 1054.75 77202 71302

results =  [[2.15, 0.75, 10, 0.2, 0.7]] 938.35 99468 57583

results =  [[0.95, 0.75, 10, 0.2, 0.3]] 1032.96 227680 51791

results =  [[2.15, 0.65, 10, 0.2, 0.6]] 968.74 125134 52196

results =  [[2.55, 0.45, 10, 0.2, 0.2]] 1217.09 204344 49153

results =  [[2.95, 0.75, 10, 0.2, 0.6]] 887.96 83410 66798

results =  [[0.95, 0.85, 10, 0.2, 0.4]] 899.67 188470 52199

results =  [[1.75, 0.85, 10, 0.2, 0.7]] 949.97 104060 60657

results =  [[2.95, 0.85, 10, 0.2, 0.9]] 1224.63 44908 84473

results =  [[2.15, 0.95, 10, 0.2, 1.0]] 1219.24 57342 84697

results =  [[2.55, 0.65, 10, 0.2, 0.6]] 901.77 113274 56117

results =  [[2.15, 0.65, 10, 0.2, 0.5]] 891.32 135740 51558

results =  [[0.95, 0.85, 10, 0.2, 0.2]] 667.02 271730 54238

results =  [[2.15, 0.95, 10, 0.2, 0.8]] 1143.81 61968 78773

results =  [[2.95, 1.05, 10, 0.2, 1.0]] 1319.5 32706 78190

results =  [[2.15, 0.55, 10, 0.2, 0.9]] 1172.6 118158 49957

results =  [[2.55, 0.55, 10, 0.2, 0.3]] 938.0 163880 50671

results =  [[3.35, 0.95, 10, 0.2, 0.8]] 1223.93 40824 85703
srun: error: write(shepherd): Bad file descriptor

results =  [[2.15, 0.55, 10, 0.2, 0.3]] 1048.51 175822 50154

results =  [[0.55, 1.05, 10, 0.2, 0.3]] 815.86 300564 54549

results =  [[3.75, 0.55, 10, 0.2, 0.4]] 762.0 127702 52768

results =  [[3.75, 0.95, 10, 0.2, 1.0]] 1311.17 28112 79332
srun: error: write(shepherd): Bad file descriptor
srun: error: write(shepherd): Bad file descriptor

results =  [[3.35, 0.85, 10, 0.2, 1.0]] 1262.39 39840 83841
srun: error: write(shepherd): Bad file descriptor

results =  [[2.55, 0.95, 10, 0.2, 0.7]] 1093.9 60200 82511

results =  [[0.55, 0.95, 10, 0.2, 0.2]] 911.03 347306 54387

results =  [[2.15, 0.85, 10, 0.2, 0.7]] 993.41 83280 69506

results =  [[3.35, 0.65, 10, 0.2, 0.5]] 736.03 105524 57355

results =  [[1.75, 0.65, 10, 0.2, 0.4]] 955.91 159564 50712

results =  [[2.95, 0.55, 10, 0.2, 0.3]] 816.53 152654 51150

results =  [[2.55, 1.05, 10, 0.2, 0.9]] 1241.12 46084 84062

results =  [[1.75, 0.95, 10, 0.2, 0.7]] 974.88 92128 65041

results =  [[2.15, 0.95, 10, 0.2, 0.9]] 1196.76 60468 83184

results =  [[2.15, 1.05, 10, 0.2, 1.0]] 1260.22 50554 88531

results =  [[3.75, 0.35, 10, 0.2, 0.1]] 1325.9 261576 48260

results =  [[0.95, 0.85, 10, 0.2, 0.3]] 796.31 227568 53291

results =  [[0.55, 0.85, 10, 0.2, 0.4]] 1170.89 256606 51849

results =  [[2.15, 0.75, 10, 0.2, 0.6]] 838.53 111726 57764

results =  [[3.35, 0.95, 10, 0.2, 0.7]] 1180.18 43902 85563

results =  [[2.15, 0.95, 10, 0.2, 0.7]] 1022.8 75498 75416

results =  [[2.15, 0.55, 10, 0.2, 0.2]] 958.34 213416 50895

results =  [[2.55, 0.65, 10, 0.2, 0.5]] 795.69 126294 53062

results =  [[1.75, 1.05, 10, 0.2, 0.8]] 1130.01 71596 80376

results =  [[2.55, 0.65, 10, 0.2, 1.0]] 1134.43 76880 66362

results =  [[2.15, 0.85, 10, 0.2, 0.6]] 876.71 97258 64930

results =  [[3.35, 1.05, 10, 0.2, 0.7]] 1215.95 37720 83994

results =  [[2.55, 0.75, 10, 0.2, 0.6]] 875.53 94776 64212

results =  [[1.75, 0.65, 10, 0.2, 0.3]] 878.9 180254 51321

results =  [[2.15, 0.45, 10, 0.2, 0.5]] 1276.05 171160 48230

results =  [[2.15, 1.05, 10, 0.2, 0.9]] 1232.87 53924 89079

results =  [[2.55, 0.95, 10, 0.2, 0.8]] 1164.12 51542 85577

results =  [[0.55, 0.95, 10, 0.2, 0.1]] 846.9 405826 55011

results =  [[2.15, 1.05, 10, 0.2, 0.8]] 1166.03 56740 78223

results =  [[2.15, 0.65, 10, 0.2, 0.4]] 829.22 150368 51837

results =  [[3.75, 1.05, 10, 0.2, 1.0]] 1381.31 21442 72769

results =  [[3.75, 1.05, 10, 0.2, 0.9]] 1343.2 23566 79289
srun: error: write(shepherd): Bad file descriptor

results =  [[2.55, 1.05, 10, 0.2, 1.0]] 1286.87 42092 80364

results =  [[1.75, 1.05, 10, 0.2, 0.7]] 1046.76 84796 77278

results =  [[2.15, 0.75, 10, 0.2, 0.5]] 723.83 128636 55754

results =  [[1.75, 0.95, 10, 0.2, 0.6]] 879.48 110794 63388

results =  [[2.55, 0.65, 10, 0.2, 0.4]] 699.16 138810 53385

results =  [[3.35, 0.45, 10, 0.2, 0.1]] 976.62 255142 50017

results =  [[2.15, 1.05, 10, 0.2, 0.7]] 1105.01 67926 80371

results =  [[1.75, 0.85, 10, 0.2, 0.5]] 720.26 135842 56884

results =  [[2.95, 0.95, 10, 0.2, 0.8]] 1204.14 47358 85789

results =  [[2.95, 1.05, 10, 0.2, 0.7]] 1182.96 45920 87988

results =  [[2.55, 0.55, 10, 0.2, 0.2]] 812.11 193994 51313

results =  [[1.35, 0.95, 10, 0.2, 0.3]] 531.09 211274 57630

results =  [[2.55, 0.75, 10, 0.2, 0.5]] 714.95 114074 60038

results =  [[2.55, 0.85, 10, 0.2, 0.5]] 785.04 104184 68401

results =  [[2.15, 0.95, 10, 0.2, 0.5]] 829.66 111688 66605

results =  [[1.75, 0.75, 10, 0.2, 0.4]] 698.13 156098 52913

results =  [[2.95, 0.95, 10, 0.2, 0.7]] 1140.6 53570 85884

results =  [[2.15, 0.65, 10, 0.2, 0.3]] 691.91 169114 52189

results =  [[2.15, 0.95, 10, 0.2, 0.6]] 921.59 94408 72905

results =  [[1.75, 0.55, 10, 0.2, 0.1]] 1045.55 282300 50918

results =  [[2.55, 1.05, 10, 0.2, 0.6]] 1077.92 75446 86076

results =  [[3.35, 1.05, 10, 0.2, 0.6]] 1189.04 52512 88995
srun: error: write(shepherd): Bad file descriptor

results =  [[0.55, 1.05, 10, 0.2, 0.1]] 627.46 414486 56162

results =  [[1.75, 1.05, 10, 0.2, 0.6]] 953.18 104274 71070

results =  [[3.75, 0.55, 10, 0.2, 0.3]] 617.84 141314 52614

results =  [[2.15, 0.85, 10, 0.2, 0.5]] 740.83 121034 59918

results =  [[2.55, 1.05, 10, 0.2, 0.7]] 1131.83 56462 87497

results =  [[1.75, 0.95, 10, 0.2, 0.5]] 779.14 131104 62268

results =  [[3.35, 0.95, 10, 0.2, 0.6]] 1083.57 55756 86646
srun: error: write(shepherd): Bad file descriptor

results =  [[2.95, 0.65, 10, 0.2, 0.4]] 620.92 128810 54836

results =  [[1.75, 0.75, 10, 0.2, 0.3]] 548.83 177928 53785

results =  [[3.75, 0.75, 10, 0.2, 0.5]] 786.95 83580 71704
srun: error: write(shepherd): Bad file descriptor

results =  [[1.75, 0.65, 10, 0.2, 0.2]] 749.09 218678 52313

results =  [[3.75, 0.95, 10, 0.2, 0.6]] 1128.62 49096 87249
srun: error: write(shepherd): Bad file descriptor

results =  [[2.15, 1.05, 10, 0.2, 0.6]] 1018.12 88356 78771

results =  [[2.95, 1.05, 10, 0.2, 0.6]] 1137.39 64498 90421

results =  [[3.35, 1.05, 10, 0.2, 0.9]] 1311.78 27938 83471
srun: error: write(shepherd): Bad file descriptor

results =  [[1.75, 0.55, 10, 0.2, 0.3]] 1172.14 189240 49663

results =  [[3.75, 0.65, 10, 0.2, 0.4]] 600.54 108466 59791

results =  [[2.15, 0.55, 10, 0.2, 0.1]] 858.57 267054 51334

results =  [[2.15, 0.75, 10, 0.2, 0.4]] 600.16 142482 54701

results =  [[2.15, 0.45, 10, 0.2, 0.1]] 1254.47 273490 49440

results =  [[1.75, 0.85, 10, 0.2, 0.6]] 837.88 116412 57564

results =  [[3.75, 0.75, 10, 0.2, 0.7]] 1071.5 56160 80325
srun: error: write(shepherd): Bad file descriptor

results =  [[1.75, 0.85, 10, 0.2, 0.4]] 603.85 155094 56908

results =  [[1.75, 1.05, 10, 0.2, 0.5]] 870.63 128042 68307

results =  [[3.35, 0.85, 10, 0.2, 0.4]] 799.97 106036 72587
srun: error: write(shepherd): Bad file descriptor

results =  [[2.95, 0.85, 10, 0.2, 0.5]] 814.82 94404 68479

results =  [[2.55, 0.95, 10, 0.2, 0.5]] 910.56 103066 75761

results =  [[3.75, 1.05, 10, 0.2, 0.6]] 1206.48 44960 83225
srun: error: write(shepherd): Bad file descriptor

results =  [[2.95, 1.05, 10, 0.2, 0.5]] 1084.7 86688 86350

results =  [[1.75, 0.65, 10, 0.2, 0.1]] 567.5 276690 53254

results =  [[2.95, 0.75, 10, 0.2, 0.4]] 601.65 121032 60572

results =  [[3.75, 0.75, 10, 0.2, 0.4]] 681.57 98718 66766
srun: error: write(shepherd): Bad file descriptor

results =  [[2.95, 0.85, 10, 0.2, 0.4]] 744.33 116324 66775

results =  [[1.75, 0.75, 10, 0.2, 0.2]] 342.81 219454 55250

results =  [[3.75, 1.05, 10, 0.2, 0.5]] 1166.73 68330 86325

results =  [[2.55, 0.55, 10, 0.2, 0.1]] 636.8 255096 52038

results =  [[2.15, 1.05, 10, 0.2, 0.5]] 957.0 115796 75392

results =  [[1.75, 0.95, 10, 0.2, 0.4]] 679.91 159546 60239

results =  [[2.95, 1.05, 10, 0.2, 0.4]] 1046.5 111234 84033

results =  [[0.55, 1.05, 10, 0.2, 0.2]] 704.61 357714 55752

results =  [[2.55, 0.65, 10, 0.2, 0.2]] 338.45 183782 54658

results =  [[2.15, 0.65, 10, 0.2, 0.2]] 510.05 201860 53285

results =  [[2.15, 0.95, 10, 0.2, 0.4]] 768.81 142434 68450

results =  [[1.75, 0.85, 10, 0.2, 0.3]] 481.2 186314 57211

results =  [[2.15, 0.85, 10, 0.2, 0.4]] 628.58 143272 61016

results =  [[2.15, 0.75, 10, 0.2, 0.3]] 436.1 166890 55883

results =  [[3.75, 0.65, 10, 0.2, 0.2]] 347.2 150524 60819

results =  [[3.35, 0.85, 10, 0.2, 0.5]] 877.58 84704 70766

results =  [[2.55, 0.85, 10, 0.2, 0.4]] 683.9 130192 64438
srun: error: write(shepherd): Bad file descriptor

results =  [[3.35, 0.65, 10, 0.2, 0.2]] 317.15 161454 58889

results =  [[2.55, 0.75, 10, 0.2, 0.3]] 464.34 155698 58244

results =  [[2.95, 0.75, 10, 0.2, 0.3]] 515.15 141368 61128

results =  [[1.75, 1.05, 10, 0.2, 0.4]] 819.24 164860 65966

results =  [[2.15, 0.85, 10, 0.2, 0.3]] 554.3 169298 61478

results =  [[2.55, 1.05, 10, 0.2, 0.4]] 996.5 125258 81600

results =  [[2.15, 0.65, 10, 0.2, 0.1]] 272.87 256762 54415

results =  [[1.35, 1.05, 10, 0.2, 0.2]] 681.66 270396 63638

results =  [[2.55, 0.65, 10, 0.2, 0.1]] 142.15 238526 56134

results =  [[2.55, 0.95, 10, 0.2, 0.4]] 845.72 126370 70840

results =  [[2.55, 0.85, 10, 0.2, 0.3]] 642.16 155170 66832

results =  [[2.15, 1.05, 10, 0.2, 0.4]] 925.84 144420 75685

results =  [[1.75, 0.95, 10, 0.2, 0.3]] 632.79 192594 62339

results =  [[3.75, 0.75, 10, 0.2, 0.3]] 623.67 115522 68015
srun: error: write(shepherd): Bad file descriptor

results =  [[1.35, 0.85, 10, 0.2, 0.1]] 228.86 306328 57892

results =  [[2.15, 0.75, 10, 0.2, 0.2]] 324.79 202008 57422

results =  [[2.55, 1.05, 10, 0.2, 0.3]] 930.88 147734 80230

results =  [[1.75, 0.85, 10, 0.2, 0.2]] 424.03 222056 59145

results =  [[1.75, 0.75, 10, 0.2, 0.1]] 195.74 273602 56589

results =  [[2.95, 1.05, 10, 0.2, 0.3]] 962.39 128646 87490

results =  [[2.15, 1.05, 10, 0.2, 0.3]] 900.49 173360 79144

results =  [[2.95, 0.65, 10, 0.2, 0.1]] 131.1 215516 58023

results =  [[3.75, 0.65, 10, 0.2, 0.1]] 152.21 184972 62381
srun: error: write(shepherd): Bad file descriptor

results =  [[1.75, 1.05, 10, 0.2, 0.3]] 825.15 196018 70859

results =  [[2.15, 0.85, 10, 0.2, 0.2]] 525.75 206268 63161

results =  [[2.15, 0.95, 10, 0.2, 0.3]] 735.39 176918 68239

results =  [[1.75, 0.95, 10, 0.2, 0.2]] 630.7 227726 64607

results =  [[3.75, 0.95, 10, 0.2, 0.3]] 921.15 97890 85647
srun: error: write(shepherd): Bad file descriptor

results =  [[3.35, 0.65, 10, 0.2, 0.1]] 158.75 200522 61588

results =  [[2.55, 0.75, 10, 0.2, 0.1]] 258.32 225906 62739

results =  [[2.95, 0.95, 10, 0.2, 0.2]] 688.95 153136 80349

results =  [[2.15, 0.95, 10, 0.2, 0.2]] 677.32 196424 71742

results =  [[2.55, 0.85, 10, 0.2, 0.2]] 567.51 183676 69104

results =  [[1.75, 0.85, 10, 0.2, 0.1]] 368.98 275828 61173

results =  [[2.15, 0.75, 10, 0.2, 0.1]] 252.58 245456 58827

results =  [[2.55, 0.95, 10, 0.2, 0.2]] 683.83 170694 77917

results =  [[1.75, 1.05, 10, 0.2, 0.2]] 771.59 228008 71784

results =  [[2.55, 1.05, 10, 0.2, 0.2]] 800.15 172820 86530

results =  [[3.75, 0.95, 10, 0.2, 0.2]] 799.54 107774 83809

results =  [[2.15, 0.85, 10, 0.2, 0.1]] 365.95 242578 65704

results =  [[3.35, 0.85, 10, 0.2, 0.3]] 738.08 120468 73087
srun: error: write(shepherd): Bad file descriptor

results =  [[2.95, 0.75, 10, 0.2, 0.2]] 458.74 172336 65225

results =  [[1.75, 1.05, 10, 0.2, 0.1]] 570.02 278960 76033

results =  [[2.15, 1.05, 10, 0.2, 0.1]] 503.71 233704 80366

results =  [[3.75, 0.85, 10, 0.2, 0.1]] 289.78 160790 84618
srun: error: write(shepherd): Bad file descriptor
Job end at Sun May 26 03:04:49 CEST 2024
